<?xml version="1.0" encoding="UTF-8"?>
<!-- Generated by org.testng.reporters.JUnitReportReporter -->
<testsuite skipped="1" hostname="DESKTOP-30S7U1C" name="com.amazon.qa.testcases.LoginPageTest" tests="4" failures="0" timestamp="2020-06-14T20:20:09 IST" time="38.334" errors="0">
  <testcase name="Login" time="15.072" classname="com.amazon.qa.testcases.LoginPageTest"/>
  <system-out/>
  <testcase name="Login" time="10.376" classname="com.amazon.qa.testcases.LoginPageTest"/>
  <system-out/>
  <testcase name="Login" time="12.886" classname="com.amazon.qa.testcases.LoginPageTest"/>
  <system-out/>
  <testcase name="Login1" classname="com.amazon.qa.testcases.LoginPageTest">
    <skipped/>
  </testcase> <!-- Login1 -->
  <system-out/>
</testsuite> <!-- com.amazon.qa.testcases.LoginPageTest -->
