<?xml version="1.0" encoding="UTF-8"?>
<!-- Generated by org.testng.reporters.JUnitReportReporter -->
<testsuite skipped="0" hostname="DESKTOP-30S7U1C" name="com.amazon.qa.testcases.HomePageTest" tests="3" failures="0" timestamp="2020-06-09T21:27:24 IST" time="9.993" errors="0">
  <testcase name="calItems" time="1.452" classname="com.amazon.qa.testcases.HomePageTest"/>
  <system-out/>
  <testcase name="calenderNewItem" time="3.673" classname="com.amazon.qa.testcases.HomePageTest"/>
  <system-out/>
  <testcase name="newEventInformation" time="4.868" classname="com.amazon.qa.testcases.HomePageTest"/>
  <system-out/>
</testsuite> <!-- com.amazon.qa.testcases.HomePageTest -->
