<?xml version="1.0" encoding="UTF-8"?>
<!-- Generated by org.testng.reporters.JUnitReportReporter -->
<testsuite skipped="3" hostname="DESKTOP-30S7U1C" name="com.amazon.qa.testcases.HomePageTest" tests="4" failures="0" timestamp="2020-06-12T23:51:34 IST" time="1.395" errors="0">
  <testcase name="Calendar" time="1.395" classname="com.amazon.qa.testcases.HomePageTest"/>
  <system-out/>
  <testcase name="calenderNewItem" classname="com.amazon.qa.testcases.HomePageTest">
    <skipped/>
  </testcase> <!-- calenderNewItem -->
  <system-out/>
  <testcase name="newEventInformation" classname="com.amazon.qa.testcases.HomePageTest">
    <skipped/>
  </testcase> <!-- newEventInformation -->
  <system-out/>
  <testcase name="calItems" classname="com.amazon.qa.testcases.HomePageTest">
    <skipped/>
  </testcase> <!-- calItems -->
  <system-out/>
</testsuite> <!-- com.amazon.qa.testcases.HomePageTest -->
