<?xml version="1.0" encoding="UTF-8"?>
<!-- Generated by org.testng.reporters.JUnitReportReporter -->
<<<<<<< HEAD
<testsuite skipped="0" hostname="DESKTOP-30S7U1C" name="com.amazon.qa.testcases.HomePageTest" tests="3" failures="0" timestamp="2020-06-12T19:27:09 IST" time="12.283" errors="0">
  <testcase name="calItems" time="2.614" classname="com.amazon.qa.testcases.HomePageTest"/>
=======
<testsuite skipped="3" hostname="DESKTOP-30S7U1C" name="com.amazon.qa.testcases.HomePageTest" tests="4" failures="0" timestamp="2020-06-12T23:51:34 IST" time="1.395" errors="0">
  <testcase name="Calendar" time="1.395" classname="com.amazon.qa.testcases.HomePageTest"/>
>>>>>>> refs/remotes/origin/develop
  <system-out/>
<<<<<<< HEAD
  <testcase name="calenderNewItem" time="4.179" classname="com.amazon.qa.testcases.HomePageTest"/>
=======
  <testcase name="calenderNewItem" classname="com.amazon.qa.testcases.HomePageTest">
    <skipped/>
  </testcase> <!-- calenderNewItem -->
>>>>>>> refs/remotes/origin/develop
  <system-out/>
<<<<<<< HEAD
  <testcase name="newEventInformation" time="5.490" classname="com.amazon.qa.testcases.HomePageTest"/>
=======
  <testcase name="newEventInformation" classname="com.amazon.qa.testcases.HomePageTest">
    <skipped/>
  </testcase> <!-- newEventInformation -->
  <system-out/>
  <testcase name="calItems" classname="com.amazon.qa.testcases.HomePageTest">
    <skipped/>
  </testcase> <!-- calItems -->
>>>>>>> refs/remotes/origin/develop
  <system-out/>
</testsuite> <!-- com.amazon.qa.testcases.HomePageTest -->
