<?xml version="1.0" encoding="UTF-8"?>
<!-- Generated by org.testng.reporters.JUnitReportReporter -->
<testsuite skipped="0" hostname="DESKTOP-30S7U1C" name="com.amazon.qa.testcases.HomePageTest" tests="3" failures="0" timestamp="2020-06-12T19:27:09 IST" time="12.283" errors="0">
  <testcase name="calItems" time="2.614" classname="com.amazon.qa.testcases.HomePageTest"/>
  <system-out/>
  <testcase name="calenderNewItem" time="4.179" classname="com.amazon.qa.testcases.HomePageTest"/>
  <system-out/>
  <testcase name="newEventInformation" time="5.490" classname="com.amazon.qa.testcases.HomePageTest"/>
  <system-out/>
</testsuite> <!-- com.amazon.qa.testcases.HomePageTest -->
