<?xml version="1.0" encoding="UTF-8"?>
<!-- Generated by org.testng.reporters.JUnitReportReporter -->
<testsuite skipped="0" hostname="DESKTOP-30S7U1C" name="com.amazon.qa.testcases.LoginPageTest" tests="2" failures="0" timestamp="2020-05-11T22:48:56 IST" time="50.711" errors="0">
  <testcase name="Login" time="34.328" classname="com.amazon.qa.testcases.LoginPageTest"/>
  <system-out/>
  <testcase name="Login" time="16.383" classname="com.amazon.qa.testcases.LoginPageTest"/>
  <system-out/>
</testsuite> <!-- com.amazon.qa.testcases.LoginPageTest -->
